<?xml version="1.0" encoding="UTF-8"?>
<!-- Generated by org.testng.reporters.JUnitReportReporter -->
<testsuite skipped="0" hostname="G1-5CD6072FGM-L" name="EconomistDigitalSolutions.CreatingAnAccount" tests="1" failures="0" timestamp="11 Apr 2020 11:39:23 GMT" time="7.111" errors="0">
  <testcase name="SignIn" time="7.111" classname="EconomistDigitalSolutions.CreatingAnAccount"/>
</testsuite> <!-- EconomistDigitalSolutions.CreatingAnAccount -->
